#! /usr/bin/vvp
:ivl_version "12.0 (stable)";
:ivl_delay_selection "TYPICAL";
:vpi_time_precision - 12;
:vpi_module "/usr/lib/x86_64-linux-gnu/ivl/system.vpi";
:vpi_module "/usr/lib/x86_64-linux-gnu/ivl/vhdl_sys.vpi";
:vpi_module "/usr/lib/x86_64-linux-gnu/ivl/vhdl_textio.vpi";
:vpi_module "/usr/lib/x86_64-linux-gnu/ivl/v2005_math.vpi";
:vpi_module "/usr/lib/x86_64-linux-gnu/ivl/va_math.vpi";
S_0x653d20bfab90 .scope module, "tb_shift_register_with_dac" "tb_shift_register_with_dac" 2 3;
 .timescale -9 -12;
v0x653d20c12c00_0 .var "clk", 0 0;
v0x653d20c12cc0_0 .net "phi0", 0 0, L_0x653d20c12f30;  1 drivers
v0x653d20c12d60_0 .var "rst", 0 0;
v0x653d20c12e60_0 .net "u_out", 2 0, L_0x653d20c13fd0;  1 drivers
S_0x653d20bfad20 .scope module, "uut" "shift_register_with_dac" 2 14, 3 1 0, S_0x653d20bfab90;
 .timescale 0 0;
    .port_info 0 /INPUT 1 "clk";
    .port_info 1 /INPUT 1 "rst";
    .port_info 2 /OUTPUT 1 "phi0";
    .port_info 3 /OUTPUT 3 "u_out";
v0x653d20bfaf70_0 .net *"_ivl_10", 2 0, L_0x653d20c13300;  1 drivers
L_0x78d28e0b6060 .functor BUFT 1, C4<00>, C4<0>, C4<0>, C4<0>;
v0x653d20c11870_0 .net *"_ivl_13", 1 0, L_0x78d28e0b6060;  1 drivers
v0x653d20c11950_0 .net *"_ivl_14", 2 0, L_0x653d20c13470;  1 drivers
v0x653d20c11a10_0 .net *"_ivl_17", 0 0, L_0x653d20c13660;  1 drivers
v0x653d20c11af0_0 .net *"_ivl_18", 2 0, L_0x653d20c13700;  1 drivers
L_0x78d28e0b60a8 .functor BUFT 1, C4<00>, C4<0>, C4<0>, C4<0>;
v0x653d20c11c20_0 .net *"_ivl_21", 1 0, L_0x78d28e0b60a8;  1 drivers
v0x653d20c11d00_0 .net *"_ivl_22", 2 0, L_0x653d20c13840;  1 drivers
v0x653d20c11de0_0 .net *"_ivl_25", 0 0, L_0x653d20c13980;  1 drivers
v0x653d20c11ec0_0 .net *"_ivl_26", 2 0, L_0x653d20c13a80;  1 drivers
L_0x78d28e0b60f0 .functor BUFT 1, C4<00>, C4<0>, C4<0>, C4<0>;
v0x653d20c11fa0_0 .net *"_ivl_29", 1 0, L_0x78d28e0b60f0;  1 drivers
v0x653d20c12080_0 .net *"_ivl_3", 0 0, L_0x653d20c12fd0;  1 drivers
v0x653d20c12160_0 .net *"_ivl_30", 2 0, L_0x653d20c13b70;  1 drivers
v0x653d20c12240_0 .net *"_ivl_33", 0 0, L_0x653d20c13d20;  1 drivers
v0x653d20c12320_0 .net *"_ivl_34", 2 0, L_0x653d20c13dc0;  1 drivers
L_0x78d28e0b6138 .functor BUFT 1, C4<00>, C4<0>, C4<0>, C4<0>;
v0x653d20c12400_0 .net *"_ivl_37", 1 0, L_0x78d28e0b6138;  1 drivers
v0x653d20c124e0_0 .net *"_ivl_4", 2 0, L_0x653d20c130f0;  1 drivers
L_0x78d28e0b6018 .functor BUFT 1, C4<00>, C4<0>, C4<0>, C4<0>;
v0x653d20c125c0_0 .net *"_ivl_7", 1 0, L_0x78d28e0b6018;  1 drivers
v0x653d20c126a0_0 .net *"_ivl_9", 0 0, L_0x653d20c13230;  1 drivers
v0x653d20c12780_0 .net "clk", 0 0, v0x653d20c12c00_0;  1 drivers
v0x653d20c12840_0 .net "phi0", 0 0, L_0x653d20c12f30;  alias, 1 drivers
v0x653d20c12900_0 .var "q", 4 0;
v0x653d20c129e0_0 .net "rst", 0 0, v0x653d20c12d60_0;  1 drivers
v0x653d20c12aa0_0 .net "u_out", 2 0, L_0x653d20c13fd0;  alias, 1 drivers
E_0x653d20bbfd90 .event posedge, v0x653d20c129e0_0, v0x653d20c12780_0;
L_0x653d20c12f30 .part v0x653d20c12900_0, 4, 1;
L_0x653d20c12fd0 .part v0x653d20c12900_0, 0, 1;
L_0x653d20c130f0 .concat [ 1 2 0 0], L_0x653d20c12fd0, L_0x78d28e0b6018;
L_0x653d20c13230 .part v0x653d20c12900_0, 1, 1;
L_0x653d20c13300 .concat [ 1 2 0 0], L_0x653d20c13230, L_0x78d28e0b6060;
L_0x653d20c13470 .arith/sum 3, L_0x653d20c130f0, L_0x653d20c13300;
L_0x653d20c13660 .part v0x653d20c12900_0, 2, 1;
L_0x653d20c13700 .concat [ 1 2 0 0], L_0x653d20c13660, L_0x78d28e0b60a8;
L_0x653d20c13840 .arith/sum 3, L_0x653d20c13470, L_0x653d20c13700;
L_0x653d20c13980 .part v0x653d20c12900_0, 3, 1;
L_0x653d20c13a80 .concat [ 1 2 0 0], L_0x653d20c13980, L_0x78d28e0b60f0;
L_0x653d20c13b70 .arith/sum 3, L_0x653d20c13840, L_0x653d20c13a80;
L_0x653d20c13d20 .part v0x653d20c12900_0, 4, 1;
L_0x653d20c13dc0 .concat [ 1 2 0 0], L_0x653d20c13d20, L_0x78d28e0b6138;
L_0x653d20c13fd0 .arith/sum 3, L_0x653d20c13b70, L_0x653d20c13dc0;
    .scope S_0x653d20bfad20;
T_0 ;
    %pushi/vec4 24, 0, 5;
    %store/vec4 v0x653d20c12900_0, 0, 5;
    %end;
    .thread T_0;
    .scope S_0x653d20bfad20;
T_1 ;
    %wait E_0x653d20bbfd90;
    %load/vec4 v0x653d20c129e0_0;
    %flag_set/vec4 8;
    %jmp/0xz  T_1.0, 8;
    %pushi/vec4 24, 0, 5;
    %assign/vec4 v0x653d20c12900_0, 0;
    %jmp T_1.1;
T_1.0 ;
    %load/vec4 v0x653d20c12900_0;
    %parti/s 4, 0, 2;
    %load/vec4 v0x653d20c12900_0;
    %parti/s 1, 0, 2;
    %load/vec4 v0x653d20c12900_0;
    %parti/s 1, 4, 4;
    %xor;
    %concat/vec4; draw_concat_vec4
    %assign/vec4 v0x653d20c12900_0, 0;
T_1.1 ;
    %jmp T_1;
    .thread T_1;
    .scope S_0x653d20bfab90;
T_2 ;
    %delay 25000, 0;
    %load/vec4 v0x653d20c12c00_0;
    %inv;
    %store/vec4 v0x653d20c12c00_0, 0, 1;
    %jmp T_2;
    .thread T_2;
    .scope S_0x653d20bfab90;
T_3 ;
    %vpi_call 2 26 "$display", "Time\011clk\011rst\011Phi0\011U_out\011Q" {0 0 0};
    %pushi/vec4 0, 0, 1;
    %store/vec4 v0x653d20c12c00_0, 0, 1;
    %pushi/vec4 1, 0, 1;
    %store/vec4 v0x653d20c12d60_0, 0, 1;
    %delay 50000, 0;
    %pushi/vec4 0, 0, 1;
    %store/vec4 v0x653d20c12d60_0, 0, 1;
    %end;
    .thread T_3;
# The file index is used to find the file name in the following table.
:file_names 4;
    "N/A";
    "<interactive>";
    "./testbench.v";
    "./task1.v";
